This is pdfTeX, Version 3.1415926-2.4-1.40.13 (MiKTeX 2.9) (preloaded format=pdflatex 2013.4.9)  29 APR 2014 11:23
entering extended mode
**Bericht.tex
(C:\Users\Markus\Desktop\Bericht\Bericht.tex
LaTeX2e <2011/06/27>
Babel <v3.8m> and hyphenation patterns for english, afrikaans, ancientgreek, arabic, armenian, assamese, basque, bengali
, bokmal, bulgarian, catalan, coptic, croatian, czech, danish, dutch, esperanto, estonian, farsi, finnish, french, galic
ian, german, german-x-2012-05-30, greek, gujarati, hindi, hungarian, icelandic, indonesian, interlingua, irish, italian,
 kannada, kurmanji, latin, latvian, lithuanian, malayalam, marathi, mongolian, mongolianlmc, monogreek, ngerman, ngerman
-x-2012-05-30, nynorsk, oriya, panjabi, pinyin, polish, portuguese, romanian, russian, sanskrit, serbian, slovak, sloven
ian, spanish, swedish, swissgerman, tamil, telugu, turkish, turkmen, ukenglish, ukrainian, uppersorbian, usenglishmax, w
elsh, loaded.
(C:\Users\Markus\Desktop\Bericht\Bericht_Praeambel.tex
(C:\Users\Markus\AppData\Roaming\MiKTeX\2.9\tex\latex\koma-script\scrartcl.cls
Document Class: scrartcl 2012/07/29 v3.11b KOMA-Script document class (article)
(C:\Users\Markus\AppData\Roaming\MiKTeX\2.9\tex\latex\koma-script\scrkbase.sty
Package: scrkbase 2012/07/29 v3.11b KOMA-Script package (KOMA-Script-dependent basics and keyval usage)

(C:\Users\Markus\AppData\Roaming\MiKTeX\2.9\tex\latex\koma-script\scrbase.sty
Package: scrbase 2012/07/29 v3.11b KOMA-Script package (KOMA-Script-independent basics and keyval usage)

("C:\Program Files (x86)\MiKTeX 2.9\tex\latex\graphics\keyval.sty"
Package: keyval 1999/03/16 v1.13 key=value parser (DPC)
\KV@toks@=\toks14
)
(C:\Users\Markus\AppData\Roaming\MiKTeX\2.9\tex\latex\koma-script\scrlfile.sty
Package: scrlfile 2012/06/15 v3.12 KOMA-Script package (loading files)

Package scrlfile, 2012/06/15 v3.12 KOMA-Script package (loading files)
                  Copyright (C) Markus Kohm

))) (C:\Users\Markus\AppData\Roaming\MiKTeX\2.9\tex\latex\koma-script\tocbasic.sty
Package: tocbasic 2012/04/04 v3.10b KOMA-Script package (handling toc-files)
)
Package tocbasic Info: omitting babel extension for `toc'
(tocbasic)             because of feature `nobabel' available
(tocbasic)             for `toc' on input line 115.
Package tocbasic Info: omitting babel extension for `lof'
(tocbasic)             because of feature `nobabel' available
(tocbasic)             for `lof' on input line 116.
Package tocbasic Info: omitting babel extension for `lot'
(tocbasic)             because of feature `nobabel' available
(tocbasic)             for `lot' on input line 117.
Package scrartcl Info: You've used obsolete option `12pt'.
(scrartcl)             \KOMAExecuteOptions{fontsize=12pt} will be
(scrartcl)             used instead.
(scrartcl)             You may simply replace `12pt'
(scrartcl)             by `fontsize=12pt'.
Class scrartcl Info: File `scrsize12pt.clo' used to setup font sizes on input line 1267.

(C:\Users\Markus\AppData\Roaming\MiKTeX\2.9\tex\latex\koma-script\scrsize12pt.clo
File: scrsize12pt.clo 2012/07/29 v3.11b KOMA-Script font size class option (12pt)
)
(C:\Users\Markus\AppData\Roaming\MiKTeX\2.9\tex\latex\koma-script\typearea.sty
Package: typearea 2012/07/29 v3.11b KOMA-Script package (type area)

Package typearea, 2012/07/29 v3.11b KOMA-Script package (type area)
                  Copyright (C) Frank Neukam, 1992-1994
                  Copyright (C) Markus Kohm, 1994-

\ta@bcor=\skip41
\ta@div=\count79
Package typearea Info: You've used standard option `a4paper'.
(typearea)             This is correct!
(typearea)             Internally I'm using `paper=a4'.
(typearea)             If you'd like to set the option with \KOMAoptions,
(typearea)             you'd have to use `paper=a4' there
(typearea)             instead of `a4paper', too.
\ta@hblk=\skip42
\ta@vblk=\skip43
\ta@temp=\skip44
Package typearea Info: These are the values describing the layout:
(typearea)             DIV  = 12
(typearea)             BCOR = 0.0pt
(typearea)             \paperwidth      = 597.50793pt
(typearea)              \textwidth      = 448.13095pt
(typearea)              DIV departure   = -6%
(typearea)              \evensidemargin = 2.4185pt
(typearea)              \oddsidemargin  = 2.4185pt
(typearea)             \paperheight     = 845.04694pt
(typearea)              \textheight     = 635.5pt
(typearea)              \topmargin      = -41.72441pt
(typearea)              \headheight     = 18.125pt
(typearea)              \headsep        = 21.75pt
(typearea)              \topskip        = 12.0pt
(typearea)              \footskip       = 50.75pt
(typearea)              \baselineskip   = 14.5pt
(typearea)              on input line 1213.
)
\c@part=\count80
\c@section=\count81
\c@subsection=\count82
\c@subsubsection=\count83
\c@paragraph=\count84
\c@subparagraph=\count85
\abovecaptionskip=\skip45
\belowcaptionskip=\skip46
\c@pti@nb@sid@b@x=\box26
\c@figure=\count86
\c@table=\count87
\bibindent=\dimen102
) ("C:\Program Files (x86)\MiKTeX 2.9\tex\generic\babel\babel.sty"
Package: babel 2008/07/08 v3.8m The Babel package

*************************************
* Local config file bblopts.cfg used
*
("C:\Program Files (x86)\MiKTeX 2.9\tex\latex\00miktex\bblopts.cfg"
File: bblopts.cfg 2006/07/31 v1.0 MiKTeX 'babel' configuration
)
("C:\Program Files (x86)\MiKTeX 2.9\tex\generic\babel\ngermanb.ldf"
Language: ngermanb 2008/07/06 v2.6n new German support from the babel system

("C:\Program Files (x86)\MiKTeX 2.9\tex\generic\babel\babel.def"
File: babel.def 2008/07/08 v3.8m Babel common definitions
\babel@savecnt=\count88
\U@D=\dimen103
)
\l@naustrian = a dialect from \language\l@ngerman 
Package babel Info: Making " an active character on input line 92.
))
("C:\Program Files (x86)\MiKTeX 2.9\tex\latex\base\inputenc.sty"
Package: inputenc 2008/03/30 v1.1d Input encoding file
\inpenc@prehook=\toks15
\inpenc@posthook=\toks16

("C:\Program Files (x86)\MiKTeX 2.9\tex\latex\base\latin9.def"
File: latin9.def 2008/03/30 v1.1d Input encoding file
))
(C:\Users\Markus\AppData\Roaming\MiKTeX\2.9\tex\latex\biblatex\biblatex.sty
Package: biblatex 2013/01/10 v2.5 programmable bibliographies (PK/JW/AB)

(C:\Users\Markus\AppData\Roaming\MiKTeX\2.9\tex\latex\biblatex\biblatex1.sty
Package: biblatex1 2013/01/10 v2.5 programmable bibliographies (bibtex) (PK/JW/AB)

(C:\Users\Markus\AppData\Roaming\MiKTeX\2.9\tex\latex\etoolbox\etoolbox.sty
Package: etoolbox 2011/01/03 v2.1 e-TeX tools for LaTeX

("C:\Program Files (x86)\MiKTeX 2.9\tex\latex\misc\etex.sty"
Package: etex 1998/03/26 v2.0 eTeX basic definition package (PEB)
\et@xins=\count89
)
\etb@tempcnta=\count90
)
(C:\Users\Markus\AppData\Roaming\MiKTeX\2.9\tex\latex\logreq\logreq.sty
Package: logreq 2010/08/04 v1.0 xml request logger
\lrq@indent=\count91

(C:\Users\Markus\AppData\Roaming\MiKTeX\2.9\tex\latex\logreq\logreq.def
File: logreq.def 2010/08/04 v1.0 logreq spec v1.0
))
("C:\Program Files (x86)\MiKTeX 2.9\tex\latex\base\ifthen.sty"
Package: ifthen 2001/05/26 v1.1c Standard LaTeX ifthen package (DPC)
)
("C:\Program Files (x86)\MiKTeX 2.9\tex\latex\ltxmisc\url.sty"
\Urlmuskip=\muskip10
Package: url 2006/04/12  ver 3.3  Verb mode for urls, etc.
)
\c@tabx@nest=\count92
\c@listtotal=\count93
\c@listcount=\count94
\c@liststart=\count95
\c@liststop=\count96
\c@citecount=\count97
\c@citetotal=\count98
\c@multicitecount=\count99
\c@multicitetotal=\count100
\c@instcount=\count101
\c@maxnames=\count102
\c@minnames=\count103
\c@maxitems=\count104
\c@minitems=\count105
\c@citecounter=\count106
\c@savedcitecounter=\count107
\c@uniquelist=\count108
\c@uniquename=\count109
\c@refsection=\count110
\c@refsegment=\count111
\c@maxextrayear=\count112
\c@maxextraalpha=\count113
\c@abbrvpenalty=\count114
\c@highnamepenalty=\count115
\c@lownamepenalty=\count116
\c@maxparens=\count117
\c@parenlevel=\count118
\blx@tempcnta=\count119
\blx@tempcntb=\count120
\blx@tempcntc=\count121
\blx@maxsection=\count122
\blx@maxsegment=\count123
\blx@notetype=\count124
\blx@parenlevel@text=\count125
\blx@parenlevel@foot=\count126
\labelnumberwidth=\skip47
\labelalphawidth=\skip48
\shorthandwidth=\skip49
\biblabelsep=\skip50
\bibitemsep=\skip51
\bibnamesep=\skip52
\bibinitsep=\skip53
\bibparsep=\skip54
\bibhang=\skip55
\blx@auxin=\read1
\blx@auxout=\write3
\c@mincomprange=\count127
\c@maxcomprange=\count128
\c@mincompwidth=\count129
\c@labelname=\count130
\c@savedlabelname=\count131
\c@author=\count132
\c@savedauthor=\count133
\c@shortauthor=\count134
\c@savedshortauthor=\count135
\c@editor=\count136
\c@savededitor=\count137
\c@editora=\count138
\c@savededitora=\count139
\c@editorb=\count140
\c@savededitorb=\count141
\c@editorc=\count142
\c@savededitorc=\count143
\c@shorteditor=\count144
\c@savedshorteditor=\count145
\c@bookauthor=\count146
\c@savedbookauthor=\count147
\c@translator=\count148
\c@savedtranslator=\count149
\c@annotator=\count150
\c@savedannotator=\count151
\c@commentator=\count152
\c@savedcommentator=\count153
\c@introduction=\count154
\c@savedintroduction=\count155
\c@foreword=\count156
\c@savedforeword=\count157
\c@afterword=\count158
\c@savedafterword=\count159
\c@holder=\count160
\c@savedholder=\count161
\c@namea=\count162
\c@savednamea=\count163
\c@nameb=\count164
\c@savednameb=\count165
\c@namec=\count166
\c@savednamec=\count167
\c@institution=\count168
\c@savedinstitution=\count169
\c@language=\count170
\c@savedlanguage=\count171
\c@location=\count172
\c@savedlocation=\count173
\c@organization=\count174
\c@savedorganization=\count175
\c@origlocation=\count176
\c@savedoriglocation=\count177
\c@origpublisher=\count178
\c@savedorigpublisher=\count179
\c@pageref=\count180
\c@savedpageref=\count181
\c@publisher=\count182
\c@savedpublisher=\count183
\c@lista=\count184
\c@savedlista=\count185
\c@listb=\count186
\c@savedlistb=\count187
\c@listc=\count188
\c@savedlistc=\count189
\c@listd=\count190
\c@savedlistd=\count191
\c@liste=\count192
\c@savedliste=\count193
\c@listf=\count194
\c@savedlistf=\count195
Package biblatex Info: Trying to load compatibility code...
Package biblatex Info: ... file 'blx-compat.def' found.

(C:\Users\Markus\AppData\Roaming\MiKTeX\2.9\tex\latex\biblatex\blx-compat.def
File: blx-compat.def 2013/01/10 v2.5 biblatex compatibility (PK/JW/AB)
)
Package biblatex Info: Trying to load generic definitions...
Package biblatex Info: ... file 'biblatex.def' found.

(C:\Users\Markus\AppData\Roaming\MiKTeX\2.9\tex\latex\biblatex\biblatex.def
File: biblatex.def 
\c@biburlnumpenalty=\count196
\c@biburlucpenalty=\count197
\c@biburllcpenalty=\count198
\c@smartand=\count199
)
Package biblatex Info: Trying to load bibliography style 'numeric'...
Package biblatex Info: ... file 'numeric.bbx' found.

(C:\Users\Markus\AppData\Roaming\MiKTeX\2.9\tex\latex\biblatex\bbx\numeric.bbx
File: numeric.bbx 2013/01/10 v2.5 biblatex bibliography style (PK/JW/AB)
Package biblatex Info: Trying to load bibliography style 'standard'...
Package biblatex Info: ... file 'standard.bbx' found.

(C:\Users\Markus\AppData\Roaming\MiKTeX\2.9\tex\latex\biblatex\bbx\standard.bbx
File: standard.bbx 2013/01/10 v2.5 biblatex bibliography style (PK/JW/AB)
\c@bbx:relatedcount=\count200
\c@bbx:relatedtotal=\count201
))
Package biblatex Info: Trying to load citation style 'numeric'...
Package biblatex Info: ... file 'numeric.cbx' found.

(C:\Users\Markus\AppData\Roaming\MiKTeX\2.9\tex\latex\biblatex\cbx\numeric.cbx
File: numeric.cbx 2013/01/10 v2.5 biblatex citation style (PK/JW/AB)
Package biblatex Info: Redefining '\cite'.
Package biblatex Info: Redefining '\parencite'.
Package biblatex Info: Redefining '\footcite'.
Package biblatex Info: Redefining '\footcitetext'.
Package biblatex Info: Redefining '\smartcite'.
Package biblatex Info: Redefining '\textcite'.
Package biblatex Info: Redefining '\supercite'.
Package biblatex Info: Redefining '\cites'.
Package biblatex Info: Redefining '\parencites'.
Package biblatex Info: Redefining '\smartcites'.
)
Package biblatex Info: Trying to load configuration file...
Package biblatex Info: ... file 'biblatex.cfg' found.

(C:\Users\Markus\AppData\Roaming\MiKTeX\2.9\tex\latex\biblatex\biblatex.cfg
File: biblatex.cfg 
)))
(C:\Users\Markus\AppData\Roaming\MiKTeX\2.9\tex\latex\csquotes\csquotes.sty
Package: csquotes 2011/10/22 v5.1d context-sensitive quotations
\csq@reset=\count202
\csq@gtype=\count203
\csq@glevel=\count204
\csq@qlevel=\count205
\csq@maxlvl=\count206
\csq@tshold=\count207
\csq@ltx@everypar=\toks17

(C:\Users\Markus\AppData\Roaming\MiKTeX\2.9\tex\latex\csquotes\csquotes.def
File: csquotes.def 2011/10/22 v5.1d csquotes generic definitions
)
Package csquotes Info: Trying to load configuration file 'csquotes.cfg'...
Package csquotes Info: ... configuration file loaded successfully.

(C:\Users\Markus\AppData\Roaming\MiKTeX\2.9\tex\latex\csquotes\csquotes.cfg
File: csquotes.cfg 
))
(C:\Users\Markus\AppData\Roaming\MiKTeX\2.9\tex\latex\dstroke\dsfont.sty
Package: dsfont 1995/08/01 v0.1 Double stroke roman fonts
)
("C:\Program Files (x86)\MiKTeX 2.9\tex\latex\amsmath\amsmath.sty"
Package: amsmath 2013/01/14 v2.14 AMS math features
\@mathmargin=\skip56

For additional information on amsmath, use the `?' option.
("C:\Program Files (x86)\MiKTeX 2.9\tex\latex\amsmath\amstext.sty"
Package: amstext 2000/06/29 v2.01

("C:\Program Files (x86)\MiKTeX 2.9\tex\latex\amsmath\amsgen.sty"
File: amsgen.sty 1999/11/30 v2.0
\@emptytoks=\toks18
\ex@=\dimen104
))
("C:\Program Files (x86)\MiKTeX 2.9\tex\latex\amsmath\amsbsy.sty"
Package: amsbsy 1999/11/29 v1.2d
\pmbraise@=\dimen105
)
("C:\Program Files (x86)\MiKTeX 2.9\tex\latex\amsmath\amsopn.sty"
Package: amsopn 1999/12/14 v2.01 operator names
)
\inf@bad=\count208
LaTeX Info: Redefining \frac on input line 210.
\uproot@=\count209
\leftroot@=\count210
LaTeX Info: Redefining \overline on input line 306.
\classnum@=\count211
\DOTSCASE@=\count212
LaTeX Info: Redefining \ldots on input line 378.
LaTeX Info: Redefining \dots on input line 381.
LaTeX Info: Redefining \cdots on input line 466.
\Mathstrutbox@=\box27
\strutbox@=\box28
\big@size=\dimen106
LaTeX Font Info:    Redeclaring font encoding OML on input line 566.
LaTeX Font Info:    Redeclaring font encoding OMS on input line 567.
\macc@depth=\count213
\c@MaxMatrixCols=\count214
\dotsspace@=\muskip11
\c@parentequation=\count215
\dspbrk@lvl=\count216
\tag@help=\toks19
\row@=\count217
\column@=\count218
\maxfields@=\count219
\andhelp@=\toks20
\eqnshift@=\dimen107
\alignsep@=\dimen108
\tagshift@=\dimen109
\tagwidth@=\dimen110
\totwidth@=\dimen111
\lineht@=\dimen112
\@envbody=\toks21
\multlinegap=\skip57
\multlinetaggap=\skip58
\mathdisplay@stack=\toks22
LaTeX Info: Redefining \[ on input line 2665.
LaTeX Info: Redefining \] on input line 2666.
)
("C:\Program Files (x86)\MiKTeX 2.9\tex\latex\amsfonts\amssymb.sty"
Package: amssymb 2013/01/14 v3.01 AMS font symbols

("C:\Program Files (x86)\MiKTeX 2.9\tex\latex\amsfonts\amsfonts.sty"
Package: amsfonts 2013/01/14 v3.01 Basic AMSFonts support
\symAMSa=\mathgroup4
\symAMSb=\mathgroup5
LaTeX Font Info:    Overwriting math alphabet `\mathfrak' in version `bold'
(Font)                  U/euf/m/n --> U/euf/b/n on input line 106.
))
(C:\Users\Markus\AppData\Roaming\MiKTeX\2.9\tex\latex\bbm\bbm.sty
Package: bbm 1999/03/15 V 1.2 provides fonts for set symbols - TH
LaTeX Font Info:    Overwriting math alphabet `\mathbbm' in version `bold'
(Font)                  U/bbm/m/n --> U/bbm/bx/n on input line 33.
LaTeX Font Info:    Overwriting math alphabet `\mathbbmss' in version `bold'
(Font)                  U/bbmss/m/n --> U/bbmss/bx/n on input line 35.
)
("C:\Program Files (x86)\MiKTeX 2.9\tex\latex\graphics\graphics.sty"
Package: graphics 2009/02/05 v1.0o Standard LaTeX Graphics (DPC,SPQR)

("C:\Program Files (x86)\MiKTeX 2.9\tex\latex\graphics\trig.sty"
Package: trig 1999/03/16 v1.09 sin cos tan (DPC)
)
("C:\Program Files (x86)\MiKTeX 2.9\tex\latex\00miktex\graphics.cfg"
File: graphics.cfg 2007/01/18 v1.5 graphics configuration of teTeX/TeXLive
)
Package graphics Info: Driver file: pdftex.def on input line 91.

("C:\Program Files (x86)\MiKTeX 2.9\tex\latex\pdftex-def\pdftex.def"
File: pdftex.def 2011/05/27 v0.06d Graphics/color for pdfTeX

("C:\Program Files (x86)\MiKTeX 2.9\tex\generic\oberdiek\infwarerr.sty"
Package: infwarerr 2010/04/08 v1.3 Providing info/warning/error messages (HO)
)
("C:\Program Files (x86)\MiKTeX 2.9\tex\generic\oberdiek\ltxcmds.sty"
Package: ltxcmds 2011/11/09 v1.22 LaTeX kernel commands for general use (HO)
)
\Gread@gobject=\count220
))
("C:\Program Files (x86)\MiKTeX 2.9\tex\latex\graphics\graphicx.sty"
Package: graphicx 1999/02/16 v1.0f Enhanced LaTeX Graphics (DPC,SPQR)
\Gin@req@height=\dimen113
\Gin@req@width=\dimen114
)
(C:\Users\Markus\AppData\Roaming\MiKTeX\2.9\tex\latex\picinpar\picinpar.sty
Pictures in Paragraphs. Version 1.2a, July 13, 1993
\br=\count221
\bl=\count222
\na=\count223
\nb=\count224
\tcdsav=\count225
\tcl=\count226
\tcd=\count227
\tcn=\count228
\cumtcl=\count229
\cumpartcl=\count230
\lftside=\dimen115
\rtside=\dimen116
\hpic=\dimen117
\vpic=\dimen118
\strutilg=\dimen119
\picwd=\dimen120
\topheight=\dimen121
\ilg=\dimen122
\lpic=\dimen123
\lwindowsep=\dimen124
\rwindowsep=\dimen125
\cumpar=\dimen126
\twa=\toks23
\la=\toks24
\ra=\toks25
\ha=\toks26
\pictoc=\toks27
\rawtext=\box29
\holder=\box30
\windowbox=\box31
\wartext=\box32
\finaltext=\box33
\aslice=\box34
\bslice=\box35
\wbox=\box36
\wstrutbox=\box37
\picbox=\box38
\waslice=\box39
\wbslice=\box40
\fslice=\box41
) ("C:\Program Files (x86)\MiKTeX 2.9\tex\latex\float\float.sty"
Package: float 2001/11/08 v1.3d Float enhancements (AL)
\c@float@type=\count231
\float@exts=\toks28
\float@box=\box42
\@float@everytoks=\toks29
\@floatcapt=\box43
))
Package biblatex Info: Trying to load language 'ngerman'...
Package biblatex Info: ... file 'ngerman.lbx' found.

(C:\Users\Markus\AppData\Roaming\MiKTeX\2.9\tex\latex\biblatex\lbx\ngerman.lbx
File: ngerman.lbx 2013/01/10 v2.5 biblatex localization (PK/JW/AB)
Package biblatex Info: Trying to load language 'german'...
Package biblatex Info: ... file 'german.lbx' found.

(C:\Users\Markus\AppData\Roaming\MiKTeX\2.9\tex\latex\biblatex\lbx\german.lbx
File: german.lbx 2013/01/10 v2.5 biblatex localization (PK/JW/AB)
))
Package csquotes Info: Checking for multilingual support...
Package csquotes Info: ... found 'babel' package.
Package csquotes Info: Adjusting default style.
Package csquotes Info: Redefining alias 'default' -> 'ngerman'.

(C:\Users\Markus\Desktop\Bericht\Bericht.aux)
LaTeX Font Info:    Checking defaults for OML/cmm/m/it on input line 4.
LaTeX Font Info:    ... okay on input line 4.
LaTeX Font Info:    Checking defaults for T1/cmr/m/n on input line 4.
LaTeX Font Info:    ... okay on input line 4.
LaTeX Font Info:    Checking defaults for OT1/cmr/m/n on input line 4.
LaTeX Font Info:    ... okay on input line 4.
LaTeX Font Info:    Checking defaults for OMS/cmsy/m/n on input line 4.
LaTeX Font Info:    ... okay on input line 4.
LaTeX Font Info:    Checking defaults for OMX/cmex/m/n on input line 4.
LaTeX Font Info:    ... okay on input line 4.
LaTeX Font Info:    Checking defaults for U/cmr/m/n on input line 4.
LaTeX Font Info:    ... okay on input line 4.
Package biblatex Info: Input encoding 'latin9' detected.
Package biblatex Info: Automatic encoding selection.
(biblatex)             Assuming data encoding 'latin9'.
Package biblatex Info: Trying to load bibliographic data...
Package biblatex Info: ... file 'Bericht.bbl' found.
 (C:\Users\Markus\Desktop\Bericht\Bericht.bbl)
Package biblatex Info: Reference section=0 on input line 4.
Package biblatex Info: Reference segment=0 on input line 4.

(C:\Users\Markus\AppData\Roaming\MiKTeX\2.9\tex\context\base\supp-pdf.mkii
[Loading MPS to PDF converter (version 2006.09.02).]
\scratchcounter=\count232
\scratchdimen=\dimen127
\scratchbox=\box44
\nofMPsegments=\count233
Normal \count register pool exhausted, switching to extended pool.
\nofMParguments=\count277
\everyMPshowfont=\toks30
\MPscratchCnt=\count278
\MPscratchDim=\dimen128
\MPnumerator=\count279
\makeMPintoPDFobject=\count280
\everyMPtoPDFconversion=\toks31
) (C:\Users\Markus\Desktop\Bericht\deckblatt.tex
LaTeX Font Info:    Try loading font information for U+msa on input line 30.
 ("C:\Program Files (x86)\MiKTeX 2.9\tex\latex\amsfonts\umsa.fd"
File: umsa.fd 2013/01/14 v3.01 AMS symbols A
)
LaTeX Font Info:    Try loading font information for U+msb on input line 30.

("C:\Program Files (x86)\MiKTeX 2.9\tex\latex\amsfonts\umsb.fd"
File: umsb.fd 2013/01/14 v3.01 AMS symbols B
) [1

{C:/Users/Markus/AppData/Local/MiKTeX/2.9/pdftex/config/pdftex.map}]) [1] (C:\Users\Markus\Desktop\Bericht\Bericht.toc)
\tf@toc=\write4
 [2] (C:\Users\Markus\Desktop\Bericht\1_einleitung.tex) [1] [2] (C:\Users\Markus\Desktop\Bericht\Bericht.aux)
Package logreq Info: Writing requests to 'Bericht.run.xml'.
 ) 
Here is how much of TeX's memory you used:
 9039 strings out of 493921
 143174 string characters out of 3144874
 343436 words of memory out of 3000000
 12201 multiletter control sequences out of 15000+200000
 11935 words of font info for 44 fonts, out of 3000000 for 9000
 845 hyphenation exceptions out of 8191
 47i,6n,49p,923b,1401s stack positions out of 5000i,500n,10000p,200000b,50000s
<C:/Program Files (x86)/MiKTeX 2.9/fonts/type1/public/amsfonts/cm/cmbx12.pfb><C:/Program Files (x86)/MiKTeX 2.9/fonts/
type1/public/amsfonts/cm/cmcsc10.pfb><C:/Program Files (x86)/MiKTeX 2.9/fonts/type1/public/amsfonts/cm/cmr12.pfb><C:/Pro
gram Files (x86)/MiKTeX 2.9/fonts/type1/public/amsfonts/cm/cmssbx10.pfb><C:/Program Files (x86)/MiKTeX 2.9/fonts/type1/p
ublic/amsfonts/cm/cmti12.pfb>
Output written on Bericht.pdf (5 pages, 71717 bytes).
PDF statistics:
 38 PDF objects out of 1000 (max. 8388607)
 0 named destinations out of 1000 (max. 500000)
 1 words of extra memory for PDF output out of 10000 (max. 10000000)

